
> pale-blue-dot@1.0.0 build-storybook
> storybook build --output-dir=/var/folders/kg/pzn3d6cn7ls4p44chsy1yr1m0000gn/T/chromatic--6363-YYWcz40g2blk

[1mstorybook v9.1.1
[22m
info => Cleaning outputDir: [36m../../../../../var/folders/kg/pzn3d6cn7ls4p44chsy1yr1m0000gn/T/chromatic--6363-YYWcz40g2blk[39m
info => Loading presets
info => Building manager..
info => Building preview..
info Using tsconfig paths for react-docgen
[36mvite v7.0.6 [32mbuilding for production...[36m[39m
transforming...
[32m✓[39m 104 modules transformed.
rendering chunks...
computing gzip size...
[2m../../../../../var/folders/kg/pzn3d6cn7ls4p44chsy1yr1m0000gn/T/chromatic--6363-YYWcz40g2blk/[22m[32miframe.html                                    [39m[1m[2m   18.41 kB[22m[1m[22m[2m │ gzip:   5.20 kB[22m
[2m../../../../../var/folders/kg/pzn3d6cn7ls4p44chsy1yr1m0000gn/T/chromatic--6363-YYWcz40g2blk/[22m[2massets/[22m[35mTab-CcqtQpc9.css                        [39m[1m[2m    0.33 kB[22m[1m[22m[2m │ gzip:   0.21 kB[22m
[2m../../../../../var/folders/kg/pzn3d6cn7ls4p44chsy1yr1m0000gn/T/chromatic--6363-YYWcz40g2blk/[22m[2massets/[22m[35mInvestmentProgress-BF0sPahl.css         [39m[1m[2m    0.39 kB[22m[1m[22m[2m │ gzip:   0.24 kB[22m
[2m../../../../../var/folders/kg/pzn3d6cn7ls4p44chsy1yr1m0000gn/T/chromatic--6363-YYWcz40g2blk/[22m[2massets/[22m[35mNavBar-JDIWZhJJ.css                     [39m[1m[2m    0.79 kB[22m[1m[22m[2m │ gzip:   0.42 kB[22m
[2m../../../../../var/folders/kg/pzn3d6cn7ls4p44chsy1yr1m0000gn/T/chromatic--6363-YYWcz40g2blk/[22m[2massets/[22m[35mButton-R7TVyg1W.css                     [39m[1m[2m    0.84 kB[22m[1m[22m[2m │ gzip:   0.42 kB[22m
[2m../../../../../var/folders/kg/pzn3d6cn7ls4p44chsy1yr1m0000gn/T/chromatic--6363-YYWcz40g2blk/[22m[2massets/[22m[35mToggle-DcgurZnz.css                     [39m[1m[2m    1.22 kB[22m[1m[22m[2m │ gzip:   0.49 kB[22m
[2m../../../../../var/folders/kg/pzn3d6cn7ls4p44chsy1yr1m0000gn/T/chromatic--6363-YYWcz40g2blk/[22m[2massets/[22m[35miframe-Dh4lSjD7.css                     [39m[1m[2m    8.80 kB[22m[1m[22m[2m │ gzip:   2.19 kB[22m
[2m../../../../../var/folders/kg/pzn3d6cn7ls4p44chsy1yr1m0000gn/T/chromatic--6363-YYWcz40g2blk/[22m[2massets/[22m[36mindex-LTlEI_dH.js                       [39m[1m[2m    0.46 kB[22m[1m[22m[2m │ gzip:   0.30 kB[22m
[2m../../../../../var/folders/kg/pzn3d6cn7ls4p44chsy1yr1m0000gn/T/chromatic--6363-YYWcz40g2blk/[22m[2massets/[22m[36mjsx-runtime-D_zvdyIk.js                 [39m[1m[2m    0.73 kB[22m[1m[22m[2m │ gzip:   0.46 kB[22m
[2m../../../../../var/folders/kg/pzn3d6cn7ls4p44chsy1yr1m0000gn/T/chromatic--6363-YYWcz40g2blk/[22m[2massets/[22m[36mCardInvestment.stories-uaQABF9q.js      [39m[1m[2m    0.75 kB[22m[1m[22m[2m │ gzip:   0.42 kB[22m
[2m../../../../../var/folders/kg/pzn3d6cn7ls4p44chsy1yr1m0000gn/T/chromatic--6363-YYWcz40g2blk/[22m[2massets/[22m[36mInvestmentProgress.stories-3wlNs69X.js  [39m[1m[2m    1.05 kB[22m[1m[22m[2m │ gzip:   0.53 kB[22m
[2m../../../../../var/folders/kg/pzn3d6cn7ls4p44chsy1yr1m0000gn/T/chromatic--6363-YYWcz40g2blk/[22m[2massets/[22m[36mpreload-helper-D9Z9MdNV.js              [39m[1m[2m    1.23 kB[22m[1m[22m[2m │ gzip:   0.72 kB[22m
[2m../../../../../var/folders/kg/pzn3d6cn7ls4p44chsy1yr1m0000gn/T/chromatic--6363-YYWcz40g2blk/[22m[2massets/[22m[36mButton.stories-2fryNXuE.js              [39m[1m[2m    1.46 kB[22m[1m[22m[2m │ gzip:   0.78 kB[22m
[2m../../../../../var/folders/kg/pzn3d6cn7ls4p44chsy1yr1m0000gn/T/chromatic--6363-YYWcz40g2blk/[22m[2massets/[22m[36mTab.stories-CkjXU5iK.js                 [39m[1m[2m    1.69 kB[22m[1m[22m[2m │ gzip:   0.84 kB[22m
[2m../../../../../var/folders/kg/pzn3d6cn7ls4p44chsy1yr1m0000gn/T/chromatic--6363-YYWcz40g2blk/[22m[2massets/[22m[36mRadioButton.stories-C_1-EFCb.js         [39m[1m[2m    2.14 kB[22m[1m[22m[2m │ gzip:   1.02 kB[22m
[2m../../../../../var/folders/kg/pzn3d6cn7ls4p44chsy1yr1m0000gn/T/chromatic--6363-YYWcz40g2blk/[22m[2massets/[22m[36mButton-EymYhIax.js                      [39m[1m[2m    2.55 kB[22m[1m[22m[2m │ gzip:   0.86 kB[22m
[2m../../../../../var/folders/kg/pzn3d6cn7ls4p44chsy1yr1m0000gn/T/chromatic--6363-YYWcz40g2blk/[22m[2massets/[22m[36mToggle.stories-CvSe_C9x.js              [39m[1m[2m    3.24 kB[22m[1m[22m[2m │ gzip:   1.15 kB[22m
[2m../../../../../var/folders/kg/pzn3d6cn7ls4p44chsy1yr1m0000gn/T/chromatic--6363-YYWcz40g2blk/[22m[2massets/[22m[36mNavBar.stories-Bo24cb11.js              [39m[1m[2m    8.31 kB[22m[1m[22m[2m │ gzip:   3.88 kB[22m
[2m../../../../../var/folders/kg/pzn3d6cn7ls4p44chsy1yr1m0000gn/T/chromatic--6363-YYWcz40g2blk/[22m[36mvite-inject-mocker-entry.js                    [39m[1m[2m   28.76 kB[22m[1m[22m[2m │ gzip:  10.00 kB[22m
[2m../../../../../var/folders/kg/pzn3d6cn7ls4p44chsy1yr1m0000gn/T/chromatic--6363-YYWcz40g2blk/[22m[2massets/[22m[36mColor-AVL7NMMY-7LdG-yiD.js              [39m[1m[2m   29.20 kB[22m[1m[22m[2m │ gzip:  11.05 kB[22m
[2m../../../../../var/folders/kg/pzn3d6cn7ls4p44chsy1yr1m0000gn/T/chromatic--6363-YYWcz40g2blk/[22m[2massets/[22m[36mmatchers-7Z3WT2CE-CcSi9QFY.js           [39m[1m[2m   29.66 kB[22m[1m[22m[2m │ gzip:  10.29 kB[22m
[2m../../../../../var/folders/kg/pzn3d6cn7ls4p44chsy1yr1m0000gn/T/chromatic--6363-YYWcz40g2blk/[22m[2massets/[22m[36mreact-18-BSeR2xR0.js                    [39m[1m[2m  178.53 kB[22m[1m[22m[2m │ gzip:  56.32 kB[22m
[2m../../../../../var/folders/kg/pzn3d6cn7ls4p44chsy1yr1m0000gn/T/chromatic--6363-YYWcz40g2blk/[22m[2massets/[22m[36maxe-BHoBmpZx.js                         [39m[1m[33m  572.23 kB[39m[22m[2m │ gzip: 158.00 kB[22m
[2m../../../../../var/folders/kg/pzn3d6cn7ls4p44chsy1yr1m0000gn/T/chromatic--6363-YYWcz40g2blk/[22m[2massets/[22m[36mDocsRenderer-PQXLIZUC-BHyqGlYJ.js       [39m[1m[33m  657.71 kB[39m[22m[2m │ gzip: 216.84 kB[22m
[2m../../../../../var/folders/kg/pzn3d6cn7ls4p44chsy1yr1m0000gn/T/chromatic--6363-YYWcz40g2blk/[22m[2massets/[22m[36miframe-Co247MVm.js                      [39m[1m[33m1,235.08 kB[39m[22m[2m │ gzip: 342.95 kB[22m
[32m✓ built in 3.24s[39m
info => Output directory: /var/folders/kg/pzn3d6cn7ls4p44chsy1yr1m0000gn/T/chromatic--6363-YYWcz40g2blk
